[2022-01-30 20:38:34,570] {manager.py:514} INFO - Processing files using up to 2 processes at a time 
[2022-01-30 20:38:34,571] {manager.py:515} INFO - Process each file at most once every 30 seconds
[2022-01-30 20:38:34,571] {manager.py:517} INFO - Checking for new files in /opt/airflow/dags every 300 seconds
[2022-01-30 20:38:34,572] {manager.py:663} INFO - Searching for files in /opt/airflow/dags
[2022-01-30 20:38:34,572] {manager.py:666} INFO - There are 0 files in /opt/airflow/dags
[2022-01-30 20:38:34,983] {manager.py:1065} INFO - Finding 'running' jobs without a recent heartbeat
[2022-01-30 20:38:34,983] {manager.py:1069} INFO - Failing jobs without heartbeat after 2022-01-30 20:33:34.983549+00:00
[2022-01-30 20:38:45,095] {manager.py:1065} INFO - Finding 'running' jobs without a recent heartbeat
[2022-01-30 20:38:45,177] {manager.py:1069} INFO - Failing jobs without heartbeat after 2022-01-30 20:33:45.177775+00:00
[2022-01-30 20:38:55,220] {manager.py:1065} INFO - Finding 'running' jobs without a recent heartbeat
[2022-01-30 20:38:55,220] {manager.py:1069} INFO - Failing jobs without heartbeat after 2022-01-30 20:33:55.220667+00:00
[2022-01-30 20:39:05,248] {manager.py:1065} INFO - Finding 'running' jobs without a recent heartbeat
[2022-01-30 20:39:05,259] {manager.py:1069} INFO - Failing jobs without heartbeat after 2022-01-30 20:34:05.259613+00:00
[2022-01-30 20:39:15,287] {manager.py:1065} INFO - Finding 'running' jobs without a recent heartbeat
[2022-01-30 20:39:15,287] {manager.py:1069} INFO - Failing jobs without heartbeat after 2022-01-30 20:34:15.287474+00:00
[2022-01-30 20:39:25,319] {manager.py:1065} INFO - Finding 'running' jobs without a recent heartbeat
[2022-01-30 20:39:25,342] {manager.py:1069} INFO - Failing jobs without heartbeat after 2022-01-30 20:34:25.342840+00:00
[2022-01-30 20:39:35,391] {manager.py:1065} INFO - Finding 'running' jobs without a recent heartbeat
[2022-01-30 20:39:35,392] {manager.py:1069} INFO - Failing jobs without heartbeat after 2022-01-30 20:34:35.392537+00:00
[2022-01-30 20:39:45,437] {manager.py:1065} INFO - Finding 'running' jobs without a recent heartbeat
[2022-01-30 20:39:45,437] {manager.py:1069} INFO - Failing jobs without heartbeat after 2022-01-30 20:34:45.437283+00:00
[2022-01-30 20:39:55,479] {manager.py:1065} INFO - Finding 'running' jobs without a recent heartbeat
[2022-01-30 20:39:55,479] {manager.py:1069} INFO - Failing jobs without heartbeat after 2022-01-30 20:34:55.479740+00:00
[2022-01-30 20:40:05,526] {manager.py:1065} INFO - Finding 'running' jobs without a recent heartbeat
[2022-01-30 20:40:05,665] {manager.py:1069} INFO - Failing jobs without heartbeat after 2022-01-30 20:35:05.665586+00:00
[2022-01-30 20:40:15,702] {manager.py:1065} INFO - Finding 'running' jobs without a recent heartbeat
[2022-01-30 20:40:15,703] {manager.py:1069} INFO - Failing jobs without heartbeat after 2022-01-30 20:35:15.703017+00:00
[2022-01-30 20:40:25,738] {manager.py:1065} INFO - Finding 'running' jobs without a recent heartbeat
[2022-01-30 20:40:25,739] {manager.py:1069} INFO - Failing jobs without heartbeat after 2022-01-30 20:35:25.739179+00:00
[2022-01-30 20:40:35,771] {manager.py:1065} INFO - Finding 'running' jobs without a recent heartbeat
[2022-01-30 20:40:35,772] {manager.py:1069} INFO - Failing jobs without heartbeat after 2022-01-30 20:35:35.772154+00:00
[2022-01-30 20:40:45,812] {manager.py:1065} INFO - Finding 'running' jobs without a recent heartbeat
[2022-01-30 20:40:45,813] {manager.py:1069} INFO - Failing jobs without heartbeat after 2022-01-30 20:35:45.813319+00:00
[2022-01-30 20:40:55,846] {manager.py:1065} INFO - Finding 'running' jobs without a recent heartbeat
[2022-01-30 20:40:55,846] {manager.py:1069} INFO - Failing jobs without heartbeat after 2022-01-30 20:35:55.846937+00:00
[2022-01-30 20:41:05,878] {manager.py:1065} INFO - Finding 'running' jobs without a recent heartbeat
[2022-01-30 20:41:05,878] {manager.py:1069} INFO - Failing jobs without heartbeat after 2022-01-30 20:36:05.878732+00:00
[2022-01-30 20:41:15,925] {manager.py:1065} INFO - Finding 'running' jobs without a recent heartbeat
[2022-01-30 20:41:15,925] {manager.py:1069} INFO - Failing jobs without heartbeat after 2022-01-30 20:36:15.925546+00:00
[2022-01-30 20:41:25,961] {manager.py:1065} INFO - Finding 'running' jobs without a recent heartbeat
[2022-01-30 20:41:25,961] {manager.py:1069} INFO - Failing jobs without heartbeat after 2022-01-30 20:36:25.961786+00:00
[2022-01-30 20:41:36,001] {manager.py:1065} INFO - Finding 'running' jobs without a recent heartbeat
[2022-01-30 20:41:36,001] {manager.py:1069} INFO - Failing jobs without heartbeat after 2022-01-30 20:36:36.001727+00:00
[2022-01-30 20:41:46,038] {manager.py:1065} INFO - Finding 'running' jobs without a recent heartbeat
[2022-01-30 20:41:46,039] {manager.py:1069} INFO - Failing jobs without heartbeat after 2022-01-30 20:36:46.038999+00:00
[2022-01-30 20:41:56,074] {manager.py:1065} INFO - Finding 'running' jobs without a recent heartbeat
[2022-01-30 20:41:56,074] {manager.py:1069} INFO - Failing jobs without heartbeat after 2022-01-30 20:36:56.074276+00:00
[2022-01-30 20:42:06,105] {manager.py:1065} INFO - Finding 'running' jobs without a recent heartbeat
[2022-01-30 20:42:06,106] {manager.py:1069} INFO - Failing jobs without heartbeat after 2022-01-30 20:37:06.106581+00:00
[2022-01-30 20:42:16,143] {manager.py:1065} INFO - Finding 'running' jobs without a recent heartbeat
[2022-01-30 20:42:16,144] {manager.py:1069} INFO - Failing jobs without heartbeat after 2022-01-30 20:37:16.143988+00:00
[2022-01-30 20:42:26,182] {manager.py:1065} INFO - Finding 'running' jobs without a recent heartbeat
[2022-01-30 20:42:26,182] {manager.py:1069} INFO - Failing jobs without heartbeat after 2022-01-30 20:37:26.182702+00:00
[2022-01-30 20:42:36,216] {manager.py:1065} INFO - Finding 'running' jobs without a recent heartbeat
[2022-01-30 20:42:36,216] {manager.py:1069} INFO - Failing jobs without heartbeat after 2022-01-30 20:37:36.216910+00:00
[2022-01-30 20:42:46,253] {manager.py:1065} INFO - Finding 'running' jobs without a recent heartbeat
[2022-01-30 20:42:46,254] {manager.py:1069} INFO - Failing jobs without heartbeat after 2022-01-30 20:37:46.254040+00:00
[2022-01-30 20:42:56,296] {manager.py:1065} INFO - Finding 'running' jobs without a recent heartbeat
[2022-01-30 20:42:56,297] {manager.py:1069} INFO - Failing jobs without heartbeat after 2022-01-30 20:37:56.297010+00:00
[2022-01-30 20:43:06,336] {manager.py:1065} INFO - Finding 'running' jobs without a recent heartbeat
[2022-01-30 20:43:06,336] {manager.py:1069} INFO - Failing jobs without heartbeat after 2022-01-30 20:38:06.336791+00:00
[2022-01-30 20:43:16,377] {manager.py:1065} INFO - Finding 'running' jobs without a recent heartbeat
[2022-01-30 20:43:16,377] {manager.py:1069} INFO - Failing jobs without heartbeat after 2022-01-30 20:38:16.377821+00:00
[2022-01-30 20:43:26,415] {manager.py:1065} INFO - Finding 'running' jobs without a recent heartbeat
[2022-01-30 20:43:26,416] {manager.py:1069} INFO - Failing jobs without heartbeat after 2022-01-30 20:38:26.416019+00:00
[2022-01-30 20:43:34,662] {manager.py:663} INFO - Searching for files in /opt/airflow/dags
[2022-01-30 20:43:34,807] {manager.py:666} INFO - There are 0 files in /opt/airflow/dags
[2022-01-30 20:43:40,988] {manager.py:1065} INFO - Finding 'running' jobs without a recent heartbeat
[2022-01-30 20:43:40,989] {manager.py:1069} INFO - Failing jobs without heartbeat after 2022-01-30 20:38:40.989230+00:00
[2022-01-30 20:43:51,026] {manager.py:1065} INFO - Finding 'running' jobs without a recent heartbeat
[2022-01-30 20:43:51,027] {manager.py:1069} INFO - Failing jobs without heartbeat after 2022-01-30 20:38:51.027033+00:00
[2022-01-30 20:44:01,061] {manager.py:1065} INFO - Finding 'running' jobs without a recent heartbeat
[2022-01-30 20:44:01,061] {manager.py:1069} INFO - Failing jobs without heartbeat after 2022-01-30 20:39:01.061753+00:00
[2022-01-30 20:44:11,106] {manager.py:1065} INFO - Finding 'running' jobs without a recent heartbeat
[2022-01-30 20:44:11,107] {manager.py:1069} INFO - Failing jobs without heartbeat after 2022-01-30 20:39:11.106964+00:00
[2022-01-30 20:44:21,147] {manager.py:1065} INFO - Finding 'running' jobs without a recent heartbeat
[2022-01-30 20:44:21,148] {manager.py:1069} INFO - Failing jobs without heartbeat after 2022-01-30 20:39:21.148150+00:00
[2022-01-30 20:44:31,189] {manager.py:1065} INFO - Finding 'running' jobs without a recent heartbeat
[2022-01-30 20:44:31,189] {manager.py:1069} INFO - Failing jobs without heartbeat after 2022-01-30 20:39:31.189637+00:00
[2022-01-30 20:44:41,233] {manager.py:1065} INFO - Finding 'running' jobs without a recent heartbeat
[2022-01-30 20:44:41,233] {manager.py:1069} INFO - Failing jobs without heartbeat after 2022-01-30 20:39:41.233251+00:00
[2022-01-30 20:44:51,271] {manager.py:1065} INFO - Finding 'running' jobs without a recent heartbeat
[2022-01-30 20:44:51,271] {manager.py:1069} INFO - Failing jobs without heartbeat after 2022-01-30 20:39:51.271791+00:00
[2022-01-30 20:45:01,310] {manager.py:1065} INFO - Finding 'running' jobs without a recent heartbeat
[2022-01-30 20:45:01,311] {manager.py:1069} INFO - Failing jobs without heartbeat after 2022-01-30 20:40:01.311249+00:00
[2022-01-30 20:45:11,352] {manager.py:1065} INFO - Finding 'running' jobs without a recent heartbeat
[2022-01-30 20:45:11,352] {manager.py:1069} INFO - Failing jobs without heartbeat after 2022-01-30 20:40:11.352832+00:00
[2022-01-30 20:45:21,395] {manager.py:1065} INFO - Finding 'running' jobs without a recent heartbeat
[2022-01-30 20:45:21,395] {manager.py:1069} INFO - Failing jobs without heartbeat after 2022-01-30 20:40:21.395737+00:00
[2022-01-30 20:45:31,438] {manager.py:1065} INFO - Finding 'running' jobs without a recent heartbeat
[2022-01-30 20:45:31,439] {manager.py:1069} INFO - Failing jobs without heartbeat after 2022-01-30 20:40:31.438928+00:00
[2022-01-30 20:45:41,482] {manager.py:1065} INFO - Finding 'running' jobs without a recent heartbeat
[2022-01-30 20:45:41,483] {manager.py:1069} INFO - Failing jobs without heartbeat after 2022-01-30 20:40:41.483066+00:00
[2022-01-30 20:45:51,516] {manager.py:1065} INFO - Finding 'running' jobs without a recent heartbeat
[2022-01-30 20:45:51,516] {manager.py:1069} INFO - Failing jobs without heartbeat after 2022-01-30 20:40:51.516332+00:00
[2022-01-30 20:46:01,575] {manager.py:1065} INFO - Finding 'running' jobs without a recent heartbeat
[2022-01-30 20:46:01,575] {manager.py:1069} INFO - Failing jobs without heartbeat after 2022-01-30 20:41:01.575797+00:00
[2022-01-30 20:46:11,613] {manager.py:1065} INFO - Finding 'running' jobs without a recent heartbeat
[2022-01-30 20:46:11,613] {manager.py:1069} INFO - Failing jobs without heartbeat after 2022-01-30 20:41:11.613772+00:00
[2022-01-30 20:46:21,656] {manager.py:1065} INFO - Finding 'running' jobs without a recent heartbeat
[2022-01-30 20:46:21,656] {manager.py:1069} INFO - Failing jobs without heartbeat after 2022-01-30 20:41:21.656758+00:00
[2022-01-30 20:46:31,689] {manager.py:1065} INFO - Finding 'running' jobs without a recent heartbeat
[2022-01-30 20:46:31,689] {manager.py:1069} INFO - Failing jobs without heartbeat after 2022-01-30 20:41:31.689369+00:00
[2022-01-30 20:46:41,726] {manager.py:1065} INFO - Finding 'running' jobs without a recent heartbeat
[2022-01-30 20:46:41,727] {manager.py:1069} INFO - Failing jobs without heartbeat after 2022-01-30 20:41:41.727362+00:00
[2022-01-30 20:46:51,768] {manager.py:1065} INFO - Finding 'running' jobs without a recent heartbeat
[2022-01-30 20:46:51,768] {manager.py:1069} INFO - Failing jobs without heartbeat after 2022-01-30 20:41:51.768647+00:00
[2022-01-30 20:47:01,801] {manager.py:1065} INFO - Finding 'running' jobs without a recent heartbeat
[2022-01-30 20:47:01,801] {manager.py:1069} INFO - Failing jobs without heartbeat after 2022-01-30 20:42:01.801789+00:00
[2022-01-30 20:47:11,842] {manager.py:1065} INFO - Finding 'running' jobs without a recent heartbeat
[2022-01-30 20:47:11,842] {manager.py:1069} INFO - Failing jobs without heartbeat after 2022-01-30 20:42:11.842523+00:00
[2022-01-30 20:47:21,881] {manager.py:1065} INFO - Finding 'running' jobs without a recent heartbeat
[2022-01-30 20:47:21,882] {manager.py:1069} INFO - Failing jobs without heartbeat after 2022-01-30 20:42:21.882268+00:00
[2022-01-30 20:47:31,925] {manager.py:1065} INFO - Finding 'running' jobs without a recent heartbeat
[2022-01-30 20:47:31,926] {manager.py:1069} INFO - Failing jobs without heartbeat after 2022-01-30 20:42:31.926062+00:00
[2022-01-30 20:47:41,959] {manager.py:1065} INFO - Finding 'running' jobs without a recent heartbeat
[2022-01-30 20:47:41,960] {manager.py:1069} INFO - Failing jobs without heartbeat after 2022-01-30 20:42:41.959956+00:00
[2022-01-30 20:47:52,000] {manager.py:1065} INFO - Finding 'running' jobs without a recent heartbeat
[2022-01-30 20:47:52,001] {manager.py:1069} INFO - Failing jobs without heartbeat after 2022-01-30 20:42:52.000968+00:00
[2022-01-30 20:48:02,037] {manager.py:1065} INFO - Finding 'running' jobs without a recent heartbeat
[2022-01-30 20:48:02,038] {manager.py:1069} INFO - Failing jobs without heartbeat after 2022-01-30 20:43:02.038265+00:00
[2022-01-30 20:48:12,080] {manager.py:1065} INFO - Finding 'running' jobs without a recent heartbeat
[2022-01-30 20:48:12,080] {manager.py:1069} INFO - Failing jobs without heartbeat after 2022-01-30 20:43:12.080683+00:00
[2022-01-30 20:48:22,113] {manager.py:1065} INFO - Finding 'running' jobs without a recent heartbeat
[2022-01-30 20:48:22,114] {manager.py:1069} INFO - Failing jobs without heartbeat after 2022-01-30 20:43:22.113986+00:00
[2022-01-30 20:48:32,156] {manager.py:1065} INFO - Finding 'running' jobs without a recent heartbeat
[2022-01-30 20:48:32,156] {manager.py:1069} INFO - Failing jobs without heartbeat after 2022-01-30 20:43:32.156385+00:00
[2022-01-30 20:48:35,171] {manager.py:663} INFO - Searching for files in /opt/airflow/dags
[2022-01-30 20:48:35,172] {manager.py:666} INFO - There are 0 files in /opt/airflow/dags
[2022-01-30 20:48:42,201] {manager.py:1065} INFO - Finding 'running' jobs without a recent heartbeat
[2022-01-30 20:48:42,202] {manager.py:1069} INFO - Failing jobs without heartbeat after 2022-01-30 20:43:42.202219+00:00
[2022-01-30 20:48:52,245] {manager.py:1065} INFO - Finding 'running' jobs without a recent heartbeat
[2022-01-30 20:48:52,245] {manager.py:1069} INFO - Failing jobs without heartbeat after 2022-01-30 20:43:52.245638+00:00
[2022-01-30 20:49:02,272] {manager.py:1065} INFO - Finding 'running' jobs without a recent heartbeat
[2022-01-30 20:49:02,273] {manager.py:1069} INFO - Failing jobs without heartbeat after 2022-01-30 20:44:02.272995+00:00
[2022-01-30 20:49:12,313] {manager.py:1065} INFO - Finding 'running' jobs without a recent heartbeat
[2022-01-30 20:49:12,313] {manager.py:1069} INFO - Failing jobs without heartbeat after 2022-01-30 20:44:12.313288+00:00
[2022-01-30 20:49:22,348] {manager.py:1065} INFO - Finding 'running' jobs without a recent heartbeat
[2022-01-30 20:49:22,349] {manager.py:1069} INFO - Failing jobs without heartbeat after 2022-01-30 20:44:22.349811+00:00
[2022-01-30 20:49:32,392] {manager.py:1065} INFO - Finding 'running' jobs without a recent heartbeat
[2022-01-30 20:49:32,392] {manager.py:1069} INFO - Failing jobs without heartbeat after 2022-01-30 20:44:32.392834+00:00
[2022-01-30 20:49:42,426] {manager.py:1065} INFO - Finding 'running' jobs without a recent heartbeat
[2022-01-30 20:49:42,427] {manager.py:1069} INFO - Failing jobs without heartbeat after 2022-01-30 20:44:42.427117+00:00
[2022-01-30 20:49:52,470] {manager.py:1065} INFO - Finding 'running' jobs without a recent heartbeat
[2022-01-30 20:49:52,471] {manager.py:1069} INFO - Failing jobs without heartbeat after 2022-01-30 20:44:52.471220+00:00
[2022-01-30 20:50:02,508] {manager.py:1065} INFO - Finding 'running' jobs without a recent heartbeat
[2022-01-30 20:50:02,509] {manager.py:1069} INFO - Failing jobs without heartbeat after 2022-01-30 20:45:02.509344+00:00
[2022-01-30 20:50:12,553] {manager.py:1065} INFO - Finding 'running' jobs without a recent heartbeat
[2022-01-30 20:50:12,553] {manager.py:1069} INFO - Failing jobs without heartbeat after 2022-01-30 20:45:12.553245+00:00
[2022-01-30 20:50:22,587] {manager.py:1065} INFO - Finding 'running' jobs without a recent heartbeat
[2022-01-30 20:50:22,588] {manager.py:1069} INFO - Failing jobs without heartbeat after 2022-01-30 20:45:22.588015+00:00
[2022-01-30 20:50:32,632] {manager.py:1065} INFO - Finding 'running' jobs without a recent heartbeat
[2022-01-30 20:50:32,633] {manager.py:1069} INFO - Failing jobs without heartbeat after 2022-01-30 20:45:32.633003+00:00
[2022-01-30 20:50:42,668] {manager.py:1065} INFO - Finding 'running' jobs without a recent heartbeat
[2022-01-30 20:50:42,668] {manager.py:1069} INFO - Failing jobs without heartbeat after 2022-01-30 20:45:42.668674+00:00
[2022-01-30 20:50:52,704] {manager.py:1065} INFO - Finding 'running' jobs without a recent heartbeat
[2022-01-30 20:50:52,705] {manager.py:1069} INFO - Failing jobs without heartbeat after 2022-01-30 20:45:52.705242+00:00
[2022-01-30 20:51:02,745] {manager.py:1065} INFO - Finding 'running' jobs without a recent heartbeat
[2022-01-30 20:51:02,746] {manager.py:1069} INFO - Failing jobs without heartbeat after 2022-01-30 20:46:02.746081+00:00
[2022-01-30 20:51:12,787] {manager.py:1065} INFO - Finding 'running' jobs without a recent heartbeat
[2022-01-30 20:51:12,788] {manager.py:1069} INFO - Failing jobs without heartbeat after 2022-01-30 20:46:12.788053+00:00
[2022-01-30 20:51:22,834] {manager.py:1065} INFO - Finding 'running' jobs without a recent heartbeat
[2022-01-30 20:51:22,835] {manager.py:1069} INFO - Failing jobs without heartbeat after 2022-01-30 20:46:22.835284+00:00
[2022-01-30 20:51:32,876] {manager.py:1065} INFO - Finding 'running' jobs without a recent heartbeat
[2022-01-30 20:51:32,876] {manager.py:1069} INFO - Failing jobs without heartbeat after 2022-01-30 20:46:32.876602+00:00
[2022-01-30 20:51:42,914] {manager.py:1065} INFO - Finding 'running' jobs without a recent heartbeat
[2022-01-30 20:51:42,914] {manager.py:1069} INFO - Failing jobs without heartbeat after 2022-01-30 20:46:42.914574+00:00
[2022-01-30 20:51:52,953] {manager.py:1065} INFO - Finding 'running' jobs without a recent heartbeat
[2022-01-30 20:51:52,954] {manager.py:1069} INFO - Failing jobs without heartbeat after 2022-01-30 20:46:52.954326+00:00
[2022-01-30 20:52:02,996] {manager.py:1065} INFO - Finding 'running' jobs without a recent heartbeat
[2022-01-30 20:52:02,996] {manager.py:1069} INFO - Failing jobs without heartbeat after 2022-01-30 20:47:02.996567+00:00
[2022-01-30 20:52:13,030] {manager.py:1065} INFO - Finding 'running' jobs without a recent heartbeat
[2022-01-30 20:52:13,030] {manager.py:1069} INFO - Failing jobs without heartbeat after 2022-01-30 20:47:13.030630+00:00
[2022-01-30 20:52:23,071] {manager.py:1065} INFO - Finding 'running' jobs without a recent heartbeat
[2022-01-30 20:52:23,071] {manager.py:1069} INFO - Failing jobs without heartbeat after 2022-01-30 20:47:23.071732+00:00
[2022-01-30 20:52:33,123] {manager.py:1065} INFO - Finding 'running' jobs without a recent heartbeat
[2022-01-30 20:52:33,124] {manager.py:1069} INFO - Failing jobs without heartbeat after 2022-01-30 20:47:33.124126+00:00
[2022-01-30 20:52:43,167] {manager.py:1065} INFO - Finding 'running' jobs without a recent heartbeat
[2022-01-30 20:52:43,168] {manager.py:1069} INFO - Failing jobs without heartbeat after 2022-01-30 20:47:43.168023+00:00
[2022-01-30 20:52:53,212] {manager.py:1065} INFO - Finding 'running' jobs without a recent heartbeat
[2022-01-30 20:52:53,212] {manager.py:1069} INFO - Failing jobs without heartbeat after 2022-01-30 20:47:53.212668+00:00
[2022-01-30 20:53:03,253] {manager.py:1065} INFO - Finding 'running' jobs without a recent heartbeat
[2022-01-30 20:53:03,254] {manager.py:1069} INFO - Failing jobs without heartbeat after 2022-01-30 20:48:03.254577+00:00
[2022-01-30 20:53:13,295] {manager.py:1065} INFO - Finding 'running' jobs without a recent heartbeat
[2022-01-30 20:53:13,296] {manager.py:1069} INFO - Failing jobs without heartbeat after 2022-01-30 20:48:13.296039+00:00
[2022-01-30 20:53:23,333] {manager.py:1065} INFO - Finding 'running' jobs without a recent heartbeat
[2022-01-30 20:53:23,333] {manager.py:1069} INFO - Failing jobs without heartbeat after 2022-01-30 20:48:23.333769+00:00
[2022-01-30 20:53:33,378] {manager.py:1065} INFO - Finding 'running' jobs without a recent heartbeat
[2022-01-30 20:53:33,379] {manager.py:1069} INFO - Failing jobs without heartbeat after 2022-01-30 20:48:33.379260+00:00
[2022-01-30 20:53:35,401] {manager.py:663} INFO - Searching for files in /opt/airflow/dags
[2022-01-30 20:53:35,401] {manager.py:666} INFO - There are 0 files in /opt/airflow/dags
[2022-01-30 20:53:43,449] {manager.py:1065} INFO - Finding 'running' jobs without a recent heartbeat
[2022-01-30 20:53:43,449] {manager.py:1069} INFO - Failing jobs without heartbeat after 2022-01-30 20:48:43.449387+00:00
[2022-01-30 20:53:53,486] {manager.py:1065} INFO - Finding 'running' jobs without a recent heartbeat
[2022-01-30 20:53:53,487] {manager.py:1069} INFO - Failing jobs without heartbeat after 2022-01-30 20:48:53.487243+00:00
[2022-01-30 20:54:03,530] {manager.py:1065} INFO - Finding 'running' jobs without a recent heartbeat
[2022-01-30 20:54:03,531] {manager.py:1069} INFO - Failing jobs without heartbeat after 2022-01-30 20:49:03.531227+00:00
[2022-01-30 20:54:13,569] {manager.py:1065} INFO - Finding 'running' jobs without a recent heartbeat
[2022-01-30 20:54:13,570] {manager.py:1069} INFO - Failing jobs without heartbeat after 2022-01-30 20:49:13.570065+00:00
[2022-01-30 20:54:23,616] {manager.py:1065} INFO - Finding 'running' jobs without a recent heartbeat
[2022-01-30 20:54:23,617] {manager.py:1069} INFO - Failing jobs without heartbeat after 2022-01-30 20:49:23.616974+00:00
[2022-01-30 20:54:33,654] {manager.py:1065} INFO - Finding 'running' jobs without a recent heartbeat
[2022-01-30 20:54:33,655] {manager.py:1069} INFO - Failing jobs without heartbeat after 2022-01-30 20:49:33.655741+00:00
[2022-01-30 20:54:43,699] {manager.py:1065} INFO - Finding 'running' jobs without a recent heartbeat
[2022-01-30 20:54:43,699] {manager.py:1069} INFO - Failing jobs without heartbeat after 2022-01-30 20:49:43.699563+00:00
[2022-01-30 20:54:53,736] {manager.py:1065} INFO - Finding 'running' jobs without a recent heartbeat
[2022-01-30 20:54:53,737] {manager.py:1069} INFO - Failing jobs without heartbeat after 2022-01-30 20:49:53.736960+00:00
[2022-01-30 20:55:03,774] {manager.py:1065} INFO - Finding 'running' jobs without a recent heartbeat
[2022-01-30 20:55:03,774] {manager.py:1069} INFO - Failing jobs without heartbeat after 2022-01-30 20:50:03.774383+00:00
[2022-01-30 20:55:13,813] {manager.py:1065} INFO - Finding 'running' jobs without a recent heartbeat
[2022-01-30 20:55:13,814] {manager.py:1069} INFO - Failing jobs without heartbeat after 2022-01-30 20:50:13.814547+00:00
[2022-01-30 20:55:23,854] {manager.py:1065} INFO - Finding 'running' jobs without a recent heartbeat
[2022-01-30 20:55:23,855] {manager.py:1069} INFO - Failing jobs without heartbeat after 2022-01-30 20:50:23.855132+00:00
[2022-01-30 20:55:33,890] {manager.py:1065} INFO - Finding 'running' jobs without a recent heartbeat
[2022-01-30 20:55:33,891] {manager.py:1069} INFO - Failing jobs without heartbeat after 2022-01-30 20:50:33.891168+00:00
[2022-01-30 20:55:43,924] {manager.py:1065} INFO - Finding 'running' jobs without a recent heartbeat
[2022-01-30 20:55:43,924] {manager.py:1069} INFO - Failing jobs without heartbeat after 2022-01-30 20:50:43.924414+00:00
[2022-01-30 20:55:53,961] {manager.py:1065} INFO - Finding 'running' jobs without a recent heartbeat
[2022-01-30 20:55:53,962] {manager.py:1069} INFO - Failing jobs without heartbeat after 2022-01-30 20:50:53.962159+00:00
[2022-01-30 20:56:04,004] {manager.py:1065} INFO - Finding 'running' jobs without a recent heartbeat
[2022-01-30 20:56:04,005] {manager.py:1069} INFO - Failing jobs without heartbeat after 2022-01-30 20:51:04.005023+00:00
[2022-01-30 20:56:14,038] {manager.py:1065} INFO - Finding 'running' jobs without a recent heartbeat
[2022-01-30 20:56:14,038] {manager.py:1069} INFO - Failing jobs without heartbeat after 2022-01-30 20:51:14.038641+00:00
[2022-01-30 20:56:24,078] {manager.py:1065} INFO - Finding 'running' jobs without a recent heartbeat
[2022-01-30 20:56:24,079] {manager.py:1069} INFO - Failing jobs without heartbeat after 2022-01-30 20:51:24.079202+00:00
[2022-01-30 20:56:34,119] {manager.py:1065} INFO - Finding 'running' jobs without a recent heartbeat
[2022-01-30 20:56:34,119] {manager.py:1069} INFO - Failing jobs without heartbeat after 2022-01-30 20:51:34.119823+00:00
[2022-01-30 20:56:44,162] {manager.py:1065} INFO - Finding 'running' jobs without a recent heartbeat
[2022-01-30 20:56:44,163] {manager.py:1069} INFO - Failing jobs without heartbeat after 2022-01-30 20:51:44.163162+00:00
[2022-01-30 20:56:54,203] {manager.py:1065} INFO - Finding 'running' jobs without a recent heartbeat
[2022-01-30 20:56:54,204] {manager.py:1069} INFO - Failing jobs without heartbeat after 2022-01-30 20:51:54.204035+00:00
[2022-01-30 20:57:04,248] {manager.py:1065} INFO - Finding 'running' jobs without a recent heartbeat
[2022-01-30 20:57:04,249] {manager.py:1069} INFO - Failing jobs without heartbeat after 2022-01-30 20:52:04.249371+00:00
[2022-01-30 20:57:14,292] {manager.py:1065} INFO - Finding 'running' jobs without a recent heartbeat
[2022-01-30 20:57:14,292] {manager.py:1069} INFO - Failing jobs without heartbeat after 2022-01-30 20:52:14.292906+00:00
[2022-01-30 20:57:24,330] {manager.py:1065} INFO - Finding 'running' jobs without a recent heartbeat
[2022-01-30 20:57:24,331] {manager.py:1069} INFO - Failing jobs without heartbeat after 2022-01-30 20:52:24.331192+00:00
[2022-01-30 20:57:34,369] {manager.py:1065} INFO - Finding 'running' jobs without a recent heartbeat
[2022-01-30 20:57:34,370] {manager.py:1069} INFO - Failing jobs without heartbeat after 2022-01-30 20:52:34.370428+00:00
[2022-01-30 20:57:44,407] {manager.py:1065} INFO - Finding 'running' jobs without a recent heartbeat
[2022-01-30 20:57:44,407] {manager.py:1069} INFO - Failing jobs without heartbeat after 2022-01-30 20:52:44.407753+00:00
[2022-01-30 20:57:54,450] {manager.py:1065} INFO - Finding 'running' jobs without a recent heartbeat
[2022-01-30 20:57:54,451] {manager.py:1069} INFO - Failing jobs without heartbeat after 2022-01-30 20:52:54.451217+00:00
[2022-01-30 20:58:04,490] {manager.py:1065} INFO - Finding 'running' jobs without a recent heartbeat
[2022-01-30 20:58:04,491] {manager.py:1069} INFO - Failing jobs without heartbeat after 2022-01-30 20:53:04.491273+00:00
[2022-01-30 20:58:14,527] {manager.py:1065} INFO - Finding 'running' jobs without a recent heartbeat
[2022-01-30 20:58:14,527] {manager.py:1069} INFO - Failing jobs without heartbeat after 2022-01-30 20:53:14.527697+00:00
[2022-01-30 20:58:24,567] {manager.py:1065} INFO - Finding 'running' jobs without a recent heartbeat
[2022-01-30 20:58:24,567] {manager.py:1069} INFO - Failing jobs without heartbeat after 2022-01-30 20:53:24.567429+00:00
[2022-01-30 20:58:34,605] {manager.py:1065} INFO - Finding 'running' jobs without a recent heartbeat
[2022-01-30 20:58:34,605] {manager.py:1069} INFO - Failing jobs without heartbeat after 2022-01-30 20:53:34.605928+00:00
[2022-01-30 20:58:35,621] {manager.py:663} INFO - Searching for files in /opt/airflow/dags
[2022-01-30 20:58:35,622] {manager.py:666} INFO - There are 0 files in /opt/airflow/dags
[2022-01-30 20:58:44,658] {manager.py:1065} INFO - Finding 'running' jobs without a recent heartbeat
[2022-01-30 20:58:44,659] {manager.py:1069} INFO - Failing jobs without heartbeat after 2022-01-30 20:53:44.659180+00:00
[2022-01-30 20:58:54,696] {manager.py:1065} INFO - Finding 'running' jobs without a recent heartbeat
[2022-01-30 20:58:54,697] {manager.py:1069} INFO - Failing jobs without heartbeat after 2022-01-30 20:53:54.697117+00:00
[2022-01-30 20:59:04,738] {manager.py:1065} INFO - Finding 'running' jobs without a recent heartbeat
[2022-01-30 20:59:04,739] {manager.py:1069} INFO - Failing jobs without heartbeat after 2022-01-30 20:54:04.738967+00:00
[2022-01-30 20:59:14,784] {manager.py:1065} INFO - Finding 'running' jobs without a recent heartbeat
[2022-01-30 20:59:14,784] {manager.py:1069} INFO - Failing jobs without heartbeat after 2022-01-30 20:54:14.784911+00:00
[2022-01-30 20:59:24,824] {manager.py:1065} INFO - Finding 'running' jobs without a recent heartbeat
[2022-01-30 20:59:24,824] {manager.py:1069} INFO - Failing jobs without heartbeat after 2022-01-30 20:54:24.824227+00:00
[2022-01-30 20:59:34,858] {manager.py:1065} INFO - Finding 'running' jobs without a recent heartbeat
[2022-01-30 20:59:34,858] {manager.py:1069} INFO - Failing jobs without heartbeat after 2022-01-30 20:54:34.858812+00:00
[2022-01-30 20:59:44,900] {manager.py:1065} INFO - Finding 'running' jobs without a recent heartbeat
[2022-01-30 20:59:44,901] {manager.py:1069} INFO - Failing jobs without heartbeat after 2022-01-30 20:54:44.901334+00:00
[2022-01-30 20:59:54,946] {manager.py:1065} INFO - Finding 'running' jobs without a recent heartbeat
[2022-01-30 20:59:54,946] {manager.py:1069} INFO - Failing jobs without heartbeat after 2022-01-30 20:54:54.946592+00:00
[2022-01-30 21:00:04,989] {manager.py:1065} INFO - Finding 'running' jobs without a recent heartbeat
[2022-01-30 21:00:04,989] {manager.py:1069} INFO - Failing jobs without heartbeat after 2022-01-30 20:55:04.989455+00:00
[2022-01-30 21:00:15,026] {manager.py:1065} INFO - Finding 'running' jobs without a recent heartbeat
[2022-01-30 21:00:15,027] {manager.py:1069} INFO - Failing jobs without heartbeat after 2022-01-30 20:55:15.027036+00:00
[2022-01-30 21:00:25,069] {manager.py:1065} INFO - Finding 'running' jobs without a recent heartbeat
[2022-01-30 21:00:25,070] {manager.py:1069} INFO - Failing jobs without heartbeat after 2022-01-30 20:55:25.069990+00:00
[2022-01-30 21:00:35,114] {manager.py:1065} INFO - Finding 'running' jobs without a recent heartbeat
[2022-01-30 21:00:35,114] {manager.py:1069} INFO - Failing jobs without heartbeat after 2022-01-30 20:55:35.114470+00:00
[2022-01-30 21:00:45,155] {manager.py:1065} INFO - Finding 'running' jobs without a recent heartbeat
[2022-01-30 21:00:45,156] {manager.py:1069} INFO - Failing jobs without heartbeat after 2022-01-30 20:55:45.156454+00:00
[2022-01-30 21:00:55,199] {manager.py:1065} INFO - Finding 'running' jobs without a recent heartbeat
[2022-01-30 21:00:55,200] {manager.py:1069} INFO - Failing jobs without heartbeat after 2022-01-30 20:55:55.200040+00:00
[2022-01-30 21:01:05,242] {manager.py:1065} INFO - Finding 'running' jobs without a recent heartbeat
[2022-01-30 21:01:05,243] {manager.py:1069} INFO - Failing jobs without heartbeat after 2022-01-30 20:56:05.243132+00:00
[2022-01-30 21:01:15,302] {manager.py:1065} INFO - Finding 'running' jobs without a recent heartbeat
[2022-01-30 21:01:15,303] {manager.py:1069} INFO - Failing jobs without heartbeat after 2022-01-30 20:56:15.302974+00:00
[2022-01-30 21:01:25,340] {manager.py:1065} INFO - Finding 'running' jobs without a recent heartbeat
[2022-01-30 21:01:25,341] {manager.py:1069} INFO - Failing jobs without heartbeat after 2022-01-30 20:56:25.341541+00:00
[2022-01-30 21:01:35,384] {manager.py:1065} INFO - Finding 'running' jobs without a recent heartbeat
[2022-01-30 21:01:35,385] {manager.py:1069} INFO - Failing jobs without heartbeat after 2022-01-30 20:56:35.385016+00:00
[2022-01-30 21:01:45,430] {manager.py:1065} INFO - Finding 'running' jobs without a recent heartbeat
[2022-01-30 21:01:45,430] {manager.py:1069} INFO - Failing jobs without heartbeat after 2022-01-30 20:56:45.430890+00:00
[2022-01-30 21:01:55,466] {manager.py:1065} INFO - Finding 'running' jobs without a recent heartbeat
[2022-01-30 21:01:55,466] {manager.py:1069} INFO - Failing jobs without heartbeat after 2022-01-30 20:56:55.466409+00:00
[2022-01-30 21:02:05,500] {manager.py:1065} INFO - Finding 'running' jobs without a recent heartbeat
[2022-01-30 21:02:05,501] {manager.py:1069} INFO - Failing jobs without heartbeat after 2022-01-30 20:57:05.501506+00:00
[2022-01-30 21:02:15,538] {manager.py:1065} INFO - Finding 'running' jobs without a recent heartbeat
[2022-01-30 21:02:15,539] {manager.py:1069} INFO - Failing jobs without heartbeat after 2022-01-30 20:57:15.539742+00:00
[2022-01-30 21:02:25,582] {manager.py:1065} INFO - Finding 'running' jobs without a recent heartbeat
[2022-01-30 21:02:25,583] {manager.py:1069} INFO - Failing jobs without heartbeat after 2022-01-30 20:57:25.583234+00:00
[2022-01-30 21:02:35,624] {manager.py:1065} INFO - Finding 'running' jobs without a recent heartbeat
[2022-01-30 21:02:35,624] {manager.py:1069} INFO - Failing jobs without heartbeat after 2022-01-30 20:57:35.624577+00:00
[2022-01-30 21:02:45,663] {manager.py:1065} INFO - Finding 'running' jobs without a recent heartbeat
[2022-01-30 21:02:45,664] {manager.py:1069} INFO - Failing jobs without heartbeat after 2022-01-30 20:57:45.664415+00:00
[2022-01-30 21:02:55,707] {manager.py:1065} INFO - Finding 'running' jobs without a recent heartbeat
[2022-01-30 21:02:55,708] {manager.py:1069} INFO - Failing jobs without heartbeat after 2022-01-30 20:57:55.708415+00:00
[2022-01-30 21:03:05,753] {manager.py:1065} INFO - Finding 'running' jobs without a recent heartbeat
[2022-01-30 21:03:05,753] {manager.py:1069} INFO - Failing jobs without heartbeat after 2022-01-30 20:58:05.753346+00:00
[2022-01-30 21:03:15,789] {manager.py:1065} INFO - Finding 'running' jobs without a recent heartbeat
[2022-01-30 21:03:15,789] {manager.py:1069} INFO - Failing jobs without heartbeat after 2022-01-30 20:58:15.789921+00:00
[2022-01-30 21:03:25,826] {manager.py:1065} INFO - Finding 'running' jobs without a recent heartbeat
[2022-01-30 21:03:25,827] {manager.py:1069} INFO - Failing jobs without heartbeat after 2022-01-30 20:58:25.827108+00:00
[2022-01-30 21:03:35,865] {manager.py:663} INFO - Searching for files in /opt/airflow/dags
[2022-01-30 21:03:35,867] {manager.py:666} INFO - There are 0 files in /opt/airflow/dags
[2022-01-30 21:03:35,885] {manager.py:1065} INFO - Finding 'running' jobs without a recent heartbeat
[2022-01-30 21:03:35,885] {manager.py:1069} INFO - Failing jobs without heartbeat after 2022-01-30 20:58:35.885772+00:00
[2022-01-30 21:03:45,926] {manager.py:1065} INFO - Finding 'running' jobs without a recent heartbeat
[2022-01-30 21:03:45,927] {manager.py:1069} INFO - Failing jobs without heartbeat after 2022-01-30 20:58:45.927256+00:00
[2022-01-30 21:03:55,965] {manager.py:1065} INFO - Finding 'running' jobs without a recent heartbeat
[2022-01-30 21:03:55,965] {manager.py:1069} INFO - Failing jobs without heartbeat after 2022-01-30 20:58:55.965437+00:00
[2022-01-30 21:04:06,003] {manager.py:1065} INFO - Finding 'running' jobs without a recent heartbeat
[2022-01-30 21:04:06,003] {manager.py:1069} INFO - Failing jobs without heartbeat after 2022-01-30 20:59:06.003324+00:00
[2022-01-30 21:04:16,036] {manager.py:1065} INFO - Finding 'running' jobs without a recent heartbeat
[2022-01-30 21:04:16,037] {manager.py:1069} INFO - Failing jobs without heartbeat after 2022-01-30 20:59:16.036985+00:00
[2022-01-30 21:04:26,073] {manager.py:1065} INFO - Finding 'running' jobs without a recent heartbeat
[2022-01-30 21:04:26,074] {manager.py:1069} INFO - Failing jobs without heartbeat after 2022-01-30 20:59:26.074019+00:00
[2022-01-30 21:04:36,112] {manager.py:1065} INFO - Finding 'running' jobs without a recent heartbeat
[2022-01-30 21:04:36,112] {manager.py:1069} INFO - Failing jobs without heartbeat after 2022-01-30 20:59:36.112533+00:00
[2022-01-30 21:04:46,153] {manager.py:1065} INFO - Finding 'running' jobs without a recent heartbeat
[2022-01-30 21:04:46,154] {manager.py:1069} INFO - Failing jobs without heartbeat after 2022-01-30 20:59:46.154056+00:00
[2022-01-30 21:04:56,198] {manager.py:1065} INFO - Finding 'running' jobs without a recent heartbeat
[2022-01-30 21:04:56,199] {manager.py:1069} INFO - Failing jobs without heartbeat after 2022-01-30 20:59:56.199122+00:00
[2022-01-30 21:05:06,233] {manager.py:1065} INFO - Finding 'running' jobs without a recent heartbeat
[2022-01-30 21:05:06,234] {manager.py:1069} INFO - Failing jobs without heartbeat after 2022-01-30 21:00:06.234251+00:00
[2022-01-30 21:05:16,278] {manager.py:1065} INFO - Finding 'running' jobs without a recent heartbeat
[2022-01-30 21:05:16,279] {manager.py:1069} INFO - Failing jobs without heartbeat after 2022-01-30 21:00:16.279175+00:00
[2022-01-30 21:05:26,315] {manager.py:1065} INFO - Finding 'running' jobs without a recent heartbeat
[2022-01-30 21:05:26,316] {manager.py:1069} INFO - Failing jobs without heartbeat after 2022-01-30 21:00:26.316724+00:00
[2022-01-30 21:05:36,368] {manager.py:1065} INFO - Finding 'running' jobs without a recent heartbeat
[2022-01-30 21:05:36,368] {manager.py:1069} INFO - Failing jobs without heartbeat after 2022-01-30 21:00:36.368473+00:00
[2022-01-30 21:05:46,411] {manager.py:1065} INFO - Finding 'running' jobs without a recent heartbeat
[2022-01-30 21:05:46,411] {manager.py:1069} INFO - Failing jobs without heartbeat after 2022-01-30 21:00:46.411436+00:00
[2022-01-30 21:05:56,446] {manager.py:1065} INFO - Finding 'running' jobs without a recent heartbeat
[2022-01-30 21:05:56,447] {manager.py:1069} INFO - Failing jobs without heartbeat after 2022-01-30 21:00:56.447227+00:00
[2022-01-30 21:06:06,487] {manager.py:1065} INFO - Finding 'running' jobs without a recent heartbeat
[2022-01-30 21:06:06,487] {manager.py:1069} INFO - Failing jobs without heartbeat after 2022-01-30 21:01:06.487798+00:00
[2022-01-30 21:06:09,831] {manager.py:495} INFO - Exiting gracefully upon receiving signal 15
